2019-07-01 14:45:06 [scrapy.utils.log] INFO: Scrapy 1.5.2 started (bot: itEbooks_Scrapy)
2019-07-01 14:45:06 [scrapy.utils.log] INFO: Versions: lxml 4.2.1.0, libxml2 2.9.8, cssselect 1.0.3, parsel 1.5.1, w3lib 1.20.0, Twisted 18.9.0, Python 3.6.5 |Anaconda, Inc.| (default, Apr 26 2018, 08:42:37) - [GCC 4.2.1 Compatible Clang 4.0.1 (tags/RELEASE_401/final)], pyOpenSSL 18.0.0 (OpenSSL 1.0.2o  27 Mar 2018), cryptography 2.2.2, Platform Darwin-18.5.0-x86_64-i386-64bit
2019-07-01 14:45:06 [scrapy.crawler] INFO: Overridden settings: {'BOT_NAME': 'itEbooks_Scrapy', 'CONCURRENT_REQUESTS': 128, 'DOWNLOAD_DELAY': 1.5, 'LOG_FILE': 'logs/itEbooks_Scrapy/eBookSpider/2019-07-01T14_44_59.log', 'NEWSPIDER_MODULE': 'itEbooks_Scrapy.spiders', 'SPIDER_MODULES': ['itEbooks_Scrapy.spiders']}
2019-07-01 14:45:06 [scrapy.extensions.telnet] INFO: Telnet Password: 800aa8cbc33ad520
2019-07-01 14:45:06 [scrapy.middleware] INFO: Enabled extensions:
['scrapy.extensions.corestats.CoreStats',
 'scrapy.extensions.telnet.TelnetConsole',
 'scrapy.extensions.memusage.MemoryUsage',
 'scrapy.extensions.logstats.LogStats']
2019-07-01 14:45:06 [scrapy.middleware] INFO: Enabled downloader middlewares:
['scrapy.downloadermiddlewares.httpauth.HttpAuthMiddleware',
 'scrapy.downloadermiddlewares.downloadtimeout.DownloadTimeoutMiddleware',
 'scrapy.downloadermiddlewares.defaultheaders.DefaultHeadersMiddleware',
 'scrapy.downloadermiddlewares.useragent.UserAgentMiddleware',
 'itEbooks_Scrapy.middlewares.My_UserAgent',
 'itEbooks_Scrapy.middlewares.ItebooksScrapyDownloaderMiddleware',
 'scrapy.downloadermiddlewares.retry.RetryMiddleware',
 'scrapy.downloadermiddlewares.redirect.MetaRefreshMiddleware',
 'scrapy.downloadermiddlewares.httpcompression.HttpCompressionMiddleware',
 'scrapy.downloadermiddlewares.redirect.RedirectMiddleware',
 'scrapy.downloadermiddlewares.cookies.CookiesMiddleware',
 'scrapy.downloadermiddlewares.httpproxy.HttpProxyMiddleware',
 'scrapy.downloadermiddlewares.stats.DownloaderStats']
2019-07-01 14:45:06 [scrapy.middleware] INFO: Enabled spider middlewares:
['scrapy.spidermiddlewares.httperror.HttpErrorMiddleware',
 'scrapy.spidermiddlewares.offsite.OffsiteMiddleware',
 'scrapy.spidermiddlewares.referer.RefererMiddleware',
 'scrapy.spidermiddlewares.urllength.UrlLengthMiddleware',
 'scrapy.spidermiddlewares.depth.DepthMiddleware']
2019-07-01 14:45:06 [scrapy.middleware] INFO: Enabled item pipelines:
['itEbooks_Scrapy.pipelines.ItebooksScrapyPipeline']
2019-07-01 14:45:06 [scrapy.core.engine] INFO: Spider opened
2019-07-01 14:45:06 [scrapy.extensions.logstats] INFO: Crawled 0 pages (at 0 pages/min), scraped 0 items (at 0 items/min)
2019-07-01 14:45:06 [eBookSpider] INFO: Spider opened: eBookSpider
2019-07-01 14:45:06 [scrapy.extensions.telnet] DEBUG: Telnet console listening on 127.0.0.1:6023
2019-07-01 14:46:06 [scrapy.extensions.logstats] INFO: Crawled 0 pages (at 0 pages/min), scraped 0 items (at 0 items/min)
2019-07-01 14:46:21 [scrapy.downloadermiddlewares.retry] DEBUG: Retrying <GET http://www.allitebooks.org/> (failed 1 times): TCP connection timed out: 60: Operation timed out.
2019-07-01 14:47:06 [scrapy.extensions.logstats] INFO: Crawled 0 pages (at 0 pages/min), scraped 0 items (at 0 items/min)
2019-07-01 14:47:19 [scrapy.crawler] INFO: Received SIGTERM, shutting down gracefully. Send again to force 
2019-07-01 14:47:19 [scrapy.core.engine] INFO: Closing spider (shutdown)
2019-07-01 14:47:37 [scrapy.downloadermiddlewares.retry] DEBUG: Retrying <GET http://www.allitebooks.org/> (failed 2 times): TCP connection timed out: 60: Operation timed out.
2019-07-01 14:47:37 [scrapy.statscollectors] INFO: Dumping Scrapy stats:
{'downloader/exception_count': 2,
 'downloader/exception_type_count/twisted.internet.error.TCPTimedOutError': 2,
 'downloader/request_bytes': 896,
 'downloader/request_count': 2,
 'downloader/request_method_count/GET': 2,
 'finish_reason': 'shutdown',
 'finish_time': datetime.datetime(2019, 7, 1, 6, 47, 37, 301320),
 'log_count/DEBUG': 3,
 'log_count/INFO': 12,
 'memusage/max': 58011648,
 'memusage/startup': 57516032,
 'retry/count': 2,
 'retry/reason_count/twisted.internet.error.TCPTimedOutError': 2,
 'scheduler/dequeued': 2,
 'scheduler/dequeued/memory': 2,
 'scheduler/enqueued': 3,
 'scheduler/enqueued/memory': 3,
 'start_time': datetime.datetime(2019, 7, 1, 6, 45, 6, 512661)}
2019-07-01 14:47:37 [scrapy.core.engine] INFO: Spider closed (shutdown)
