2019-07-02 17:13:11 [scrapy.utils.log] INFO: Scrapy 1.5.2 started (bot: itEbooks_Scrapy)
2019-07-02 17:13:11 [scrapy.utils.log] INFO: Versions: lxml 4.2.1.0, libxml2 2.9.8, cssselect 1.0.3, parsel 1.5.1, w3lib 1.20.0, Twisted 18.9.0, Python 3.6.5 |Anaconda, Inc.| (default, Apr 26 2018, 08:42:37) - [GCC 4.2.1 Compatible Clang 4.0.1 (tags/RELEASE_401/final)], pyOpenSSL 18.0.0 (OpenSSL 1.0.2o  27 Mar 2018), cryptography 2.2.2, Platform Darwin-18.5.0-x86_64-i386-64bit
2019-07-02 17:13:11 [scrapy.crawler] INFO: Overridden settings: {'BOT_NAME': 'itEbooks_Scrapy', 'CONCURRENT_REQUESTS': 128, 'DOWNLOAD_DELAY': 1.5, 'LOG_FILE': 'logs/itEbooks_Scrapy/eBookSpider/2019-07-02T17_13_01.log', 'NEWSPIDER_MODULE': 'itEbooks_Scrapy.spiders', 'SPIDER_MODULES': ['itEbooks_Scrapy.spiders']}
2019-07-02 17:13:11 [scrapy.extensions.telnet] INFO: Telnet Password: b6b0e3b561cd8ad0
2019-07-02 17:13:11 [scrapy.middleware] INFO: Enabled extensions:
['scrapy.extensions.corestats.CoreStats',
 'scrapy.extensions.telnet.TelnetConsole',
 'scrapy.extensions.memusage.MemoryUsage',
 'scrapy.extensions.logstats.LogStats']
2019-07-02 17:13:11 [scrapy.middleware] INFO: Enabled downloader middlewares:
['scrapy.downloadermiddlewares.httpauth.HttpAuthMiddleware',
 'scrapy.downloadermiddlewares.downloadtimeout.DownloadTimeoutMiddleware',
 'scrapy.downloadermiddlewares.defaultheaders.DefaultHeadersMiddleware',
 'scrapy.downloadermiddlewares.useragent.UserAgentMiddleware',
 'itEbooks_Scrapy.middlewares.My_UserAgent',
 'itEbooks_Scrapy.middlewares.ItebooksScrapyDownloaderMiddleware',
 'scrapy.downloadermiddlewares.retry.RetryMiddleware',
 'scrapy.downloadermiddlewares.redirect.MetaRefreshMiddleware',
 'scrapy.downloadermiddlewares.httpcompression.HttpCompressionMiddleware',
 'scrapy.downloadermiddlewares.redirect.RedirectMiddleware',
 'scrapy.downloadermiddlewares.cookies.CookiesMiddleware',
 'scrapy.downloadermiddlewares.httpproxy.HttpProxyMiddleware',
 'scrapy.downloadermiddlewares.stats.DownloaderStats']
2019-07-02 17:13:11 [scrapy.middleware] INFO: Enabled spider middlewares:
['scrapy.spidermiddlewares.httperror.HttpErrorMiddleware',
 'scrapy.spidermiddlewares.offsite.OffsiteMiddleware',
 'scrapy.spidermiddlewares.referer.RefererMiddleware',
 'scrapy.spidermiddlewares.urllength.UrlLengthMiddleware',
 'scrapy.spidermiddlewares.depth.DepthMiddleware']
2019-07-02 17:13:11 [scrapy.middleware] INFO: Enabled item pipelines:
['itEbooks_Scrapy.pipelines.ItebooksScrapyPipeline']
2019-07-02 17:13:11 [scrapy.core.engine] INFO: Spider opened
2019-07-02 17:13:11 [scrapy.extensions.logstats] INFO: Crawled 0 pages (at 0 pages/min), scraped 0 items (at 0 items/min)
2019-07-02 17:13:11 [eBookSpider] INFO: Spider opened: eBookSpider
2019-07-02 17:13:11 [scrapy.extensions.telnet] DEBUG: Telnet console listening on 127.0.0.1:6023
2019-07-02 17:13:14 [scrapy.core.engine] DEBUG: Crawled (200) <GET http://www.allitebooks.org/> (referer: http://www.allitebooks.org/)
2019-07-02 17:13:15 [scrapy.core.engine] DEBUG: Crawled (200) <GET http://www.allitebooks.org/google-adsense-for-dummies/> (referer: http://www.allitebooks.org/)
2019-07-02 17:13:15 [scrapy.core.scraper] DEBUG: Scraped from <200 http://www.allitebooks.org/google-adsense-for-dummies/>
{'author': 'Jerri L. Ledford',
 'category': 'Marketing SEO',
 'file_size': ' 8.5 MB',
 'isbn': ' 047029289X',
 'language': ' English',
 'pages': ' 346',
 'pdf_download_url': 'http://file.allitebooks.com/20190701/Google%20AdSense%20For%20Dummies.pdf',
 'thumbnail': 'http://www.allitebooks.org/wp-content/uploads/2019/07/Google-AdSense-For-Dummies.jpg',
 'title': 'Google AdSense For Dummies',
 'year': ' 2008'}
2019-07-02 17:13:17 [scrapy.downloadermiddlewares.redirect] DEBUG: Redirecting (301) to <GET http://www.allitebooks.org/page/2/> from <GET http://www.allitebooks.org/page/2>
2019-07-02 17:13:18 [scrapy.core.engine] DEBUG: Crawled (200) <GET http://www.allitebooks.org/practical-ui-patterns-for-design-systems/> (referer: http://www.allitebooks.org/)
2019-07-02 17:13:18 [scrapy.core.scraper] DEBUG: Scraped from <200 http://www.allitebooks.org/practical-ui-patterns-for-design-systems/>
{'author': 'Diana MacDonald',
 'category': 'Programming',
 'file_size': ' 12 MB',
 'isbn': ' 1484249372',
 'language': ' English',
 'pages': ' 293',
 'pdf_download_url': 'http://file.allitebooks.com/20190626/Practical%20UI%20Patterns%20for%20Design%20Systems.pdf',
 'thumbnail': 'http://www.allitebooks.org/wp-content/uploads/2019/06/Practical-UI-Patterns-for-Design-Systems.jpg',
 'title': 'Practical UI Patterns for Design Systems',
 'year': ' 2019'}
2019-07-02 17:13:20 [scrapy.core.engine] DEBUG: Crawled (200) <GET http://www.allitebooks.org/office-365-all-in-one-for-dummies/> (referer: http://www.allitebooks.org/)
2019-07-02 17:13:20 [scrapy.core.scraper] DEBUG: Scraped from <200 http://www.allitebooks.org/office-365-all-in-one-for-dummies/>
{'author': 'Peter Weverka,Timothy L. Warner',
 'category': 'Office',
 'file_size': ' 57.7 MB',
 'isbn': ' 1119576245',
 'language': ' English',
 'pages': ' 800',
 'pdf_download_url': 'http://file.allitebooks.com/20190625/Office%20365%20All-in-One%20For%20Dummies.pdf',
 'thumbnail': 'http://www.allitebooks.org/wp-content/uploads/2019/06/Office-365-All-in-One-For-Dummies.jpg',
 'title': 'Office 365 All-in-One For Dummies',
 'year': ' 2019'}
2019-07-02 17:13:21 [scrapy.core.engine] DEBUG: Crawled (200) <GET http://www.allitebooks.org/swift-5-for-absolute-beginners-5th-edition/> (referer: http://www.allitebooks.org/)
2019-07-02 17:13:22 [scrapy.core.scraper] DEBUG: Scraped from <200 http://www.allitebooks.org/swift-5-for-absolute-beginners-5th-edition/>
{'author': 'Brad Lees,Gary Bennett,Stefan Kaczmarek',
 'category': 'Swift',
 'file_size': ' 15.4 MB',
 'isbn': ' 1484248678',
 'language': ' English',
 'pages': ' 360',
 'pdf_download_url': 'http://file.allitebooks.com/20190627/Swift%205%20for%20Absolute%20Beginners,%205th%20Edition.pdf',
 'thumbnail': 'http://www.allitebooks.org/wp-content/uploads/2019/06/Swift-5-for-Absolute-Beginners.jpg',
 'title': 'Swift 5 for Absolute Beginners, 5th Edition',
 'year': ' 2019'}
2019-07-02 17:13:23 [scrapy.core.engine] DEBUG: Crawled (200) <GET http://www.allitebooks.org/pro-net-benchmarking/> (referer: http://www.allitebooks.org/)
2019-07-02 17:13:23 [scrapy.core.scraper] DEBUG: Scraped from <200 http://www.allitebooks.org/pro-net-benchmarking/>
{'author': 'Andrey Akinshin',
 'category': '.NET',
 'file_size': ' 11.8 MB',
 'isbn': ' 1484249402',
 'language': ' English',
 'pages': ' 662',
 'pdf_download_url': 'http://file.allitebooks.com/20190627/Pro%20.NET%20Benchmarking.pdf',
 'thumbnail': 'http://www.allitebooks.org/wp-content/uploads/2019/06/Pro-.NET-Benchmarking.jpg',
 'title': 'Pro .NET Benchmarking',
 'year': ' 2019'}
2019-07-02 17:14:11 [scrapy.extensions.logstats] INFO: Crawled 6 pages (at 6 pages/min), scraped 5 items (at 5 items/min)
2019-07-02 17:14:41 [scrapy.downloadermiddlewares.retry] DEBUG: Retrying <GET http://www.allitebooks.org/bbc-microbit-recipes/> (failed 1 times): TCP connection timed out: 60: Operation timed out.
2019-07-02 17:14:42 [scrapy.downloadermiddlewares.retry] DEBUG: Retrying <GET http://www.allitebooks.org/digital-electronics-for-musicians/> (failed 1 times): TCP connection timed out: 60: Operation timed out.
2019-07-02 17:14:44 [scrapy.downloadermiddlewares.retry] DEBUG: Retrying <GET http://www.allitebooks.org/blender-2-5-character-animation-cookbook/> (failed 1 times): TCP connection timed out: 60: Operation timed out.
2019-07-02 17:14:46 [scrapy.downloadermiddlewares.retry] DEBUG: Retrying <GET http://www.allitebooks.org/flash-cs4-all-in-one-for-dummies/> (failed 1 times): TCP connection timed out: 60: Operation timed out.
2019-07-02 17:14:48 [scrapy.downloadermiddlewares.retry] DEBUG: Retrying <GET http://www.allitebooks.org/page/2/> (failed 1 times): TCP connection timed out: 60: Operation timed out.
2019-07-02 17:15:06 [scrapy.downloadermiddlewares.redirect] DEBUG: Redirecting (302) to <GET http://192.168.138.2/a79.htm?wlanuserip=10.160.104.184&wlanacname=me60> from <GET http://www.allitebooks.org/flash-cs4-all-in-one-for-dummies/>
2019-07-02 17:15:06 [scrapy.core.engine] DEBUG: Crawled (200) <GET http://192.168.138.2/a79.htm?wlanuserip=10.160.104.184&wlanacname=me60> (referer: http://www.allitebooks.org/)
2019-07-02 17:15:06 [scrapy.core.scraper] ERROR: Spider error processing <GET http://192.168.138.2/a79.htm?wlanuserip=10.160.104.184&wlanacname=me60> (referer: http://www.allitebooks.org/)
Traceback (most recent call last):
  File "/Users/hang/anaconda3/lib/python3.6/site-packages/scrapy/utils/defer.py", line 102, in iter_errback
    yield next(it)
  File "/Users/hang/anaconda3/lib/python3.6/site-packages/scrapy/spidermiddlewares/offsite.py", line 30, in process_spider_output
    for x in result:
  File "/Users/hang/anaconda3/lib/python3.6/site-packages/scrapy/spidermiddlewares/referer.py", line 339, in <genexpr>
    return (_set_referer(r) for r in result or ())
  File "/Users/hang/anaconda3/lib/python3.6/site-packages/scrapy/spidermiddlewares/urllength.py", line 37, in <genexpr>
    return (r for r in result or () if _filter(r))
  File "/Users/hang/anaconda3/lib/python3.6/site-packages/scrapy/spidermiddlewares/depth.py", line 58, in <genexpr>
    return (r for r in result or () if _filter(r))
  File "/Users/hang/PycharmProjects/crawlers/itEbooks_Scrapy/itEbooks_Scrapy/spiders/eBookSpider.py", line 46, in detail_parse
    pdf_download_url = response.xpath('//*[@id="main-content"]/div/article/footer/div/span[1]/a/@href').extract_first().replace(' ','%20')
AttributeError: 'NoneType' object has no attribute 'replace'
2019-07-02 17:15:08 [scrapy.downloadermiddlewares.redirect] DEBUG: Redirecting (302) to <GET http://192.168.138.2/a79.htm?wlanuserip=10.160.104.184&wlanacname=me60> from <GET http://www.allitebooks.org/page/2/>
2019-07-02 17:15:08 [scrapy.core.engine] DEBUG: Crawled (200) <GET http://192.168.138.2/a79.htm?wlanuserip=10.160.104.184&wlanacname=me60> (referer: http://www.allitebooks.org/)
2019-07-02 17:15:08 [scrapy.core.scraper] ERROR: Spider error processing <GET http://192.168.138.2/a79.htm?wlanuserip=10.160.104.184&wlanacname=me60> (referer: http://www.allitebooks.org/)
Traceback (most recent call last):
  File "/Users/hang/anaconda3/lib/python3.6/site-packages/scrapy/utils/defer.py", line 102, in iter_errback
    yield next(it)
  File "/Users/hang/anaconda3/lib/python3.6/site-packages/scrapy/spidermiddlewares/offsite.py", line 30, in process_spider_output
    for x in result:
  File "/Users/hang/anaconda3/lib/python3.6/site-packages/scrapy/spidermiddlewares/referer.py", line 339, in <genexpr>
    return (_set_referer(r) for r in result or ())
  File "/Users/hang/anaconda3/lib/python3.6/site-packages/scrapy/spidermiddlewares/urllength.py", line 37, in <genexpr>
    return (r for r in result or () if _filter(r))
  File "/Users/hang/anaconda3/lib/python3.6/site-packages/scrapy/spidermiddlewares/depth.py", line 58, in <genexpr>
    return (r for r in result or () if _filter(r))
  File "/Users/hang/PycharmProjects/crawlers/itEbooks_Scrapy/itEbooks_Scrapy/spiders/eBookSpider.py", line 16, in parse
    total_page = response.xpath('//*[@id="main-content"]/div/div/span[1]/text()').extract_first().split()[2]
AttributeError: 'NoneType' object has no attribute 'split'
2019-07-02 17:15:09 [scrapy.downloadermiddlewares.redirect] DEBUG: Redirecting (302) to <GET http://192.168.138.2/a79.htm?wlanuserip=10.160.104.184&wlanacname=me60> from <GET http://www.allitebooks.org/game-development-with-renpy/>
2019-07-02 17:15:10 [scrapy.core.engine] DEBUG: Crawled (200) <GET http://192.168.138.2/a79.htm?wlanuserip=10.160.104.184&wlanacname=me60> (referer: http://www.allitebooks.org/)
2019-07-02 17:15:10 [scrapy.core.scraper] ERROR: Spider error processing <GET http://192.168.138.2/a79.htm?wlanuserip=10.160.104.184&wlanacname=me60> (referer: http://www.allitebooks.org/)
Traceback (most recent call last):
  File "/Users/hang/anaconda3/lib/python3.6/site-packages/scrapy/utils/defer.py", line 102, in iter_errback
    yield next(it)
  File "/Users/hang/anaconda3/lib/python3.6/site-packages/scrapy/spidermiddlewares/offsite.py", line 30, in process_spider_output
    for x in result:
  File "/Users/hang/anaconda3/lib/python3.6/site-packages/scrapy/spidermiddlewares/referer.py", line 339, in <genexpr>
    return (_set_referer(r) for r in result or ())
  File "/Users/hang/anaconda3/lib/python3.6/site-packages/scrapy/spidermiddlewares/urllength.py", line 37, in <genexpr>
    return (r for r in result or () if _filter(r))
  File "/Users/hang/anaconda3/lib/python3.6/site-packages/scrapy/spidermiddlewares/depth.py", line 58, in <genexpr>
    return (r for r in result or () if _filter(r))
  File "/Users/hang/PycharmProjects/crawlers/itEbooks_Scrapy/itEbooks_Scrapy/spiders/eBookSpider.py", line 46, in detail_parse
    pdf_download_url = response.xpath('//*[@id="main-content"]/div/article/footer/div/span[1]/a/@href').extract_first().replace(' ','%20')
AttributeError: 'NoneType' object has no attribute 'replace'
2019-07-02 17:15:11 [scrapy.extensions.logstats] INFO: Crawled 9 pages (at 3 pages/min), scraped 5 items (at 0 items/min)
2019-07-02 17:15:16 [scrapy.downloadermiddlewares.redirect] DEBUG: Redirecting (302) to <GET http://192.168.138.2/a79.htm?wlanuserip=10.160.104.184&wlanacname=me60> from <GET http://www.allitebooks.org/bbc-microbit-recipes/>
2019-07-02 17:15:16 [scrapy.core.engine] DEBUG: Crawled (200) <GET http://192.168.138.2/a79.htm?wlanuserip=10.160.104.184&wlanacname=me60> (referer: http://www.allitebooks.org/)
2019-07-02 17:15:16 [scrapy.core.scraper] ERROR: Spider error processing <GET http://192.168.138.2/a79.htm?wlanuserip=10.160.104.184&wlanacname=me60> (referer: http://www.allitebooks.org/)
Traceback (most recent call last):
  File "/Users/hang/anaconda3/lib/python3.6/site-packages/scrapy/utils/defer.py", line 102, in iter_errback
    yield next(it)
  File "/Users/hang/anaconda3/lib/python3.6/site-packages/scrapy/spidermiddlewares/offsite.py", line 30, in process_spider_output
    for x in result:
  File "/Users/hang/anaconda3/lib/python3.6/site-packages/scrapy/spidermiddlewares/referer.py", line 339, in <genexpr>
    return (_set_referer(r) for r in result or ())
  File "/Users/hang/anaconda3/lib/python3.6/site-packages/scrapy/spidermiddlewares/urllength.py", line 37, in <genexpr>
    return (r for r in result or () if _filter(r))
  File "/Users/hang/anaconda3/lib/python3.6/site-packages/scrapy/spidermiddlewares/depth.py", line 58, in <genexpr>
    return (r for r in result or () if _filter(r))
  File "/Users/hang/PycharmProjects/crawlers/itEbooks_Scrapy/itEbooks_Scrapy/spiders/eBookSpider.py", line 46, in detail_parse
    pdf_download_url = response.xpath('//*[@id="main-content"]/div/article/footer/div/span[1]/a/@href').extract_first().replace(' ','%20')
AttributeError: 'NoneType' object has no attribute 'replace'
2019-07-02 17:15:18 [scrapy.downloadermiddlewares.redirect] DEBUG: Redirecting (302) to <GET http://192.168.138.2/a79.htm?wlanuserip=10.160.104.184&wlanacname=me60> from <GET http://www.allitebooks.org/digital-electronics-for-musicians/>
2019-07-02 17:15:18 [scrapy.core.engine] DEBUG: Crawled (200) <GET http://192.168.138.2/a79.htm?wlanuserip=10.160.104.184&wlanacname=me60> (referer: http://www.allitebooks.org/)
2019-07-02 17:15:18 [scrapy.core.scraper] ERROR: Spider error processing <GET http://192.168.138.2/a79.htm?wlanuserip=10.160.104.184&wlanacname=me60> (referer: http://www.allitebooks.org/)
Traceback (most recent call last):
  File "/Users/hang/anaconda3/lib/python3.6/site-packages/scrapy/utils/defer.py", line 102, in iter_errback
    yield next(it)
  File "/Users/hang/anaconda3/lib/python3.6/site-packages/scrapy/spidermiddlewares/offsite.py", line 30, in process_spider_output
    for x in result:
  File "/Users/hang/anaconda3/lib/python3.6/site-packages/scrapy/spidermiddlewares/referer.py", line 339, in <genexpr>
    return (_set_referer(r) for r in result or ())
  File "/Users/hang/anaconda3/lib/python3.6/site-packages/scrapy/spidermiddlewares/urllength.py", line 37, in <genexpr>
    return (r for r in result or () if _filter(r))
  File "/Users/hang/anaconda3/lib/python3.6/site-packages/scrapy/spidermiddlewares/depth.py", line 58, in <genexpr>
    return (r for r in result or () if _filter(r))
  File "/Users/hang/PycharmProjects/crawlers/itEbooks_Scrapy/itEbooks_Scrapy/spiders/eBookSpider.py", line 46, in detail_parse
    pdf_download_url = response.xpath('//*[@id="main-content"]/div/article/footer/div/span[1]/a/@href').extract_first().replace(' ','%20')
AttributeError: 'NoneType' object has no attribute 'replace'
2019-07-02 17:15:20 [scrapy.downloadermiddlewares.redirect] DEBUG: Redirecting (302) to <GET http://192.168.138.2/a79.htm?wlanuserip=10.160.104.184&wlanacname=me60> from <GET http://www.allitebooks.org/blender-2-5-character-animation-cookbook/>
2019-07-02 17:15:20 [scrapy.core.engine] DEBUG: Crawled (200) <GET http://192.168.138.2/a79.htm?wlanuserip=10.160.104.184&wlanacname=me60> (referer: http://www.allitebooks.org/)
2019-07-02 17:15:20 [scrapy.core.scraper] ERROR: Spider error processing <GET http://192.168.138.2/a79.htm?wlanuserip=10.160.104.184&wlanacname=me60> (referer: http://www.allitebooks.org/)
Traceback (most recent call last):
  File "/Users/hang/anaconda3/lib/python3.6/site-packages/scrapy/utils/defer.py", line 102, in iter_errback
    yield next(it)
  File "/Users/hang/anaconda3/lib/python3.6/site-packages/scrapy/spidermiddlewares/offsite.py", line 30, in process_spider_output
    for x in result:
  File "/Users/hang/anaconda3/lib/python3.6/site-packages/scrapy/spidermiddlewares/referer.py", line 339, in <genexpr>
    return (_set_referer(r) for r in result or ())
  File "/Users/hang/anaconda3/lib/python3.6/site-packages/scrapy/spidermiddlewares/urllength.py", line 37, in <genexpr>
    return (r for r in result or () if _filter(r))
  File "/Users/hang/anaconda3/lib/python3.6/site-packages/scrapy/spidermiddlewares/depth.py", line 58, in <genexpr>
    return (r for r in result or () if _filter(r))
  File "/Users/hang/PycharmProjects/crawlers/itEbooks_Scrapy/itEbooks_Scrapy/spiders/eBookSpider.py", line 46, in detail_parse
    pdf_download_url = response.xpath('//*[@id="main-content"]/div/article/footer/div/span[1]/a/@href').extract_first().replace(' ','%20')
AttributeError: 'NoneType' object has no attribute 'replace'
2019-07-02 17:15:20 [scrapy.core.engine] INFO: Closing spider (finished)
2019-07-02 17:15:20 [scrapy.statscollectors] INFO: Dumping Scrapy stats:
{'downloader/exception_count': 5,
 'downloader/exception_type_count/twisted.internet.error.TCPTimedOutError': 5,
 'downloader/request_bytes': 11228,
 'downloader/request_count': 24,
 'downloader/request_method_count/GET': 24,
 'downloader/response_bytes': 73091,
 'downloader/response_count': 19,
 'downloader/response_status_count/200': 12,
 'downloader/response_status_count/301': 1,
 'downloader/response_status_count/302': 6,
 'finish_reason': 'finished',
 'finish_time': datetime.datetime(2019, 7, 2, 9, 15, 20, 536343),
 'item_scraped_count': 5,
 'log_count/DEBUG': 30,
 'log_count/ERROR': 6,
 'log_count/INFO': 11,
 'memusage/max': 61628416,
 'memusage/startup': 57630720,
 'request_depth_max': 1,
 'response_received_count': 12,
 'retry/count': 5,
 'retry/reason_count/twisted.internet.error.TCPTimedOutError': 5,
 'scheduler/dequeued': 24,
 'scheduler/dequeued/memory': 24,
 'scheduler/enqueued': 24,
 'scheduler/enqueued/memory': 24,
 'spider_exceptions/AttributeError': 6,
 'start_time': datetime.datetime(2019, 7, 2, 9, 13, 11, 530779)}
2019-07-02 17:15:20 [scrapy.core.engine] INFO: Spider closed (finished)
