2019-07-01 14:39:11 [scrapy.utils.log] INFO: Scrapy 1.5.2 started (bot: itEbooks_Scrapy)
2019-07-01 14:39:11 [scrapy.utils.log] INFO: Versions: lxml 4.2.1.0, libxml2 2.9.8, cssselect 1.0.3, parsel 1.5.1, w3lib 1.20.0, Twisted 18.9.0, Python 3.6.5 |Anaconda, Inc.| (default, Apr 26 2018, 08:42:37) - [GCC 4.2.1 Compatible Clang 4.0.1 (tags/RELEASE_401/final)], pyOpenSSL 18.0.0 (OpenSSL 1.0.2o  27 Mar 2018), cryptography 2.2.2, Platform Darwin-18.5.0-x86_64-i386-64bit
2019-07-01 14:39:11 [scrapy.crawler] INFO: Overridden settings: {'BOT_NAME': 'itEbooks_Scrapy', 'CLOSESPIDER_PAGECOUNT': '10', 'CLOSESPIDER_TIMEOUT': '60', 'CONCURRENT_REQUESTS': '128', 'DOWNLOAD_DELAY': '0', 'LOG_FILE': 'logs/itEbooks_Scrapy/eBookSpider/2019-07-01T14_37_40.log', 'NEWSPIDER_MODULE': 'itEbooks_Scrapy.spiders', 'ROBOTSTXT_OBEY': 'False', 'SPIDER_MODULES': ['itEbooks_Scrapy.spiders']}
2019-07-01 14:39:11 [scrapy.extensions.telnet] INFO: Telnet Password: 9cb03cfce458815e
2019-07-01 14:39:11 [scrapy.middleware] INFO: Enabled extensions:
['scrapy.extensions.corestats.CoreStats',
 'scrapy.extensions.telnet.TelnetConsole',
 'scrapy.extensions.memusage.MemoryUsage',
 'scrapy.extensions.closespider.CloseSpider',
 'scrapy.extensions.logstats.LogStats']
2019-07-01 14:39:11 [scrapy.middleware] INFO: Enabled downloader middlewares:
['scrapy.downloadermiddlewares.httpauth.HttpAuthMiddleware',
 'scrapy.downloadermiddlewares.downloadtimeout.DownloadTimeoutMiddleware',
 'scrapy.downloadermiddlewares.defaultheaders.DefaultHeadersMiddleware',
 'scrapy.downloadermiddlewares.useragent.UserAgentMiddleware',
 'itEbooks_Scrapy.middlewares.My_UserAgent',
 'itEbooks_Scrapy.middlewares.ItebooksScrapyDownloaderMiddleware',
 'scrapy.downloadermiddlewares.retry.RetryMiddleware',
 'scrapy.downloadermiddlewares.redirect.MetaRefreshMiddleware',
 'scrapy.downloadermiddlewares.httpcompression.HttpCompressionMiddleware',
 'scrapy.downloadermiddlewares.redirect.RedirectMiddleware',
 'scrapy.downloadermiddlewares.cookies.CookiesMiddleware',
 'scrapy.downloadermiddlewares.httpproxy.HttpProxyMiddleware',
 'scrapy.downloadermiddlewares.stats.DownloaderStats']
2019-07-01 14:39:11 [scrapy.middleware] INFO: Enabled spider middlewares:
['scrapy.spidermiddlewares.httperror.HttpErrorMiddleware',
 'scrapy.spidermiddlewares.offsite.OffsiteMiddleware',
 'scrapy.spidermiddlewares.referer.RefererMiddleware',
 'scrapy.spidermiddlewares.urllength.UrlLengthMiddleware',
 'scrapy.spidermiddlewares.depth.DepthMiddleware']
2019-07-01 14:39:11 [scrapy.middleware] INFO: Enabled item pipelines:
['itEbooks_Scrapy.pipelines.ItebooksScrapyPipeline']
2019-07-01 14:39:11 [scrapy.core.engine] INFO: Spider opened
2019-07-01 14:39:11 [scrapy.extensions.logstats] INFO: Crawled 0 pages (at 0 pages/min), scraped 0 items (at 0 items/min)
2019-07-01 14:39:11 [eBookSpider] INFO: Spider opened: eBookSpider
2019-07-01 14:39:11 [scrapy.extensions.telnet] DEBUG: Telnet console listening on 127.0.0.1:6023
2019-07-01 14:39:13 [scrapy.downloadermiddlewares.redirect] DEBUG: Redirecting (302) to <GET http://192.168.138.2/a79.htm?wlanuserip=10.160.97.54&wlanacname=me60> from <GET http://www.allitebooks.org/>
2019-07-01 14:39:13 [scrapy.core.engine] DEBUG: Crawled (200) <GET http://192.168.138.2/a79.htm?wlanuserip=10.160.97.54&wlanacname=me60> (referer: http://www.allitebooks.org/)
2019-07-01 14:39:13 [scrapy.core.scraper] ERROR: Spider error processing <GET http://192.168.138.2/a79.htm?wlanuserip=10.160.97.54&wlanacname=me60> (referer: http://www.allitebooks.org/)
Traceback (most recent call last):
  File "/Users/hang/anaconda3/lib/python3.6/site-packages/scrapy/utils/defer.py", line 102, in iter_errback
    yield next(it)
  File "/Users/hang/anaconda3/lib/python3.6/site-packages/scrapy/spidermiddlewares/offsite.py", line 30, in process_spider_output
    for x in result:
  File "/Users/hang/anaconda3/lib/python3.6/site-packages/scrapy/spidermiddlewares/referer.py", line 339, in <genexpr>
    return (_set_referer(r) for r in result or ())
  File "/Users/hang/anaconda3/lib/python3.6/site-packages/scrapy/spidermiddlewares/urllength.py", line 37, in <genexpr>
    return (r for r in result or () if _filter(r))
  File "/Users/hang/anaconda3/lib/python3.6/site-packages/scrapy/spidermiddlewares/depth.py", line 58, in <genexpr>
    return (r for r in result or () if _filter(r))
  File "/Users/hang/PycharmProjects/crawlers/itEbooks_Scrapy/itEbooks_Scrapy/spiders/eBookSpider.py", line 16, in parse
    total_page = response.xpath('//*[@id="main-content"]/div/div/span[1]/text()').extract_first().split()[2]
AttributeError: 'NoneType' object has no attribute 'split'
2019-07-01 14:39:13 [scrapy.core.engine] INFO: Closing spider (finished)
2019-07-01 14:39:13 [scrapy.statscollectors] INFO: Dumping Scrapy stats:
{'downloader/request_bytes': 788,
 'downloader/request_count': 2,
 'downloader/request_method_count/GET': 2,
 'downloader/response_bytes': 5032,
 'downloader/response_count': 2,
 'downloader/response_status_count/200': 1,
 'downloader/response_status_count/302': 1,
 'finish_reason': 'finished',
 'finish_time': datetime.datetime(2019, 7, 1, 6, 39, 13, 561474),
 'log_count/DEBUG': 3,
 'log_count/ERROR': 1,
 'log_count/INFO': 9,
 'memusage/max': 57581568,
 'memusage/startup': 57581568,
 'response_received_count': 1,
 'scheduler/dequeued': 2,
 'scheduler/dequeued/memory': 2,
 'scheduler/enqueued': 2,
 'scheduler/enqueued/memory': 2,
 'spider_exceptions/AttributeError': 1,
 'start_time': datetime.datetime(2019, 7, 1, 6, 39, 11, 769950)}
2019-07-01 14:39:13 [scrapy.core.engine] INFO: Spider closed (finished)
